<?xml version="1.0" encoding="UTF-8"?>
<!-- Generated by org.testng.reporters.JUnitReportReporter -->
<testsuite skipped="0" hostname="AMANS_MASOOM" name="com.Tests.HomePageTest" tests="2" failures="0" timestamp="30 Dec 2019 05:20:55 GMT" time="130.495" errors="0">
  <testcase name="ftest" time="40.768" classname="com.Tests.HomePageTest"/>
  <testcase name="test" time="89.727" classname="com.Tests.HomePageTest"/>
</testsuite> <!-- com.Tests.HomePageTest -->
